1753644587.740659 client started (136455): version 3.3a, socket /tmp/tmux-1000/default, protocol 8
1753644587.740692 on Linux 6.1.0-37-amd64 #1 SMP PREEMPT_DYNAMIC Debian 6.1.140-1 (2025-05-22)
1753644587.740698 using libevent 2.1.12-stable (poll); ncurses 6.3
1753644587.740716 flags are 0x18010000
1753644587.740721 socket is /tmp/tmux-1000/default
1753644587.740732 trying connect
1753644587.740811 add peer 0x55d541e0bc60: 6 ((nil))
1753644587.741188 sending message 100 to peer 0x55d541e0bc60 (4 bytes)
1753644587.741196 sending message 111 to peer 0x55d541e0bc60 (8 bytes)
1753644587.741202 sending message 101 to peer 0x55d541e0bc60 (15 bytes)
1753644587.741207 sending message 109 to peer 0x55d541e0bc60 (4 bytes)
1753644587.741212 sending message 102 to peer 0x55d541e0bc60 (11 bytes)
1753644587.741217 sending message 108 to peer 0x55d541e0bc60 (25 bytes)
1753644587.741222 sending message 112 to peer 0x55d541e0bc60 (58 bytes)
1753644587.741228 sending message 112 to peer 0x55d541e0bc60 (5 bytes)
1753644587.741232 sending message 112 to peer 0x55d541e0bc60 (5 bytes)
1753644587.741237 sending message 112 to peer 0x55d541e0bc60 (6 bytes)
1753644587.741241 sending message 112 to peer 0x55d541e0bc60 (6 bytes)
1753644587.741246 sending message 112 to peer 0x55d541e0bc60 (11 bytes)
1753644587.741250 sending message 112 to peer 0x55d541e0bc60 (10 bytes)
1753644587.741255 sending message 112 to peer 0x55d541e0bc60 (13 bytes)
1753644587.741259 sending message 112 to peer 0x55d541e0bc60 (14 bytes)
1753644587.741264 sending message 112 to peer 0x55d541e0bc60 (19 bytes)
1753644587.741268 sending message 112 to peer 0x55d541e0bc60 (11 bytes)
1753644587.741273 sending message 112 to peer 0x55d541e0bc60 (10 bytes)
1753644587.741277 sending message 112 to peer 0x55d541e0bc60 (15 bytes)
1753644587.741282 sending message 112 to peer 0x55d541e0bc60 (21 bytes)
1753644587.741286 sending message 112 to peer 0x55d541e0bc60 (13 bytes)
1753644587.741291 sending message 112 to peer 0x55d541e0bc60 (7 bytes)
1753644587.741295 sending message 112 to peer 0x55d541e0bc60 (13 bytes)
1753644587.741300 sending message 112 to peer 0x55d541e0bc60 (7 bytes)
1753644587.741304 sending message 112 to peer 0x55d541e0bc60 (13 bytes)
1753644587.741309 sending message 112 to peer 0x55d541e0bc60 (9 bytes)
1753644587.741313 sending message 112 to peer 0x55d541e0bc60 (21 bytes)
1753644587.741317 sending message 112 to peer 0x55d541e0bc60 (13 bytes)
1753644587.741322 sending message 112 to peer 0x55d541e0bc60 (9 bytes)
1753644587.741327 sending message 112 to peer 0x55d541e0bc60 (16 bytes)
1753644587.741332 sending message 112 to peer 0x55d541e0bc60 (13 bytes)
1753644587.741336 sending message 112 to peer 0x55d541e0bc60 (9 bytes)
1753644587.741341 sending message 112 to peer 0x55d541e0bc60 (9 bytes)
1753644587.741345 sending message 112 to peer 0x55d541e0bc60 (12 bytes)
1753644587.741350 sending message 112 to peer 0x55d541e0bc60 (8 bytes)
1753644587.741354 sending message 112 to peer 0x55d541e0bc60 (8 bytes)
1753644587.741359 sending message 112 to peer 0x55d541e0bc60 (13 bytes)
1753644587.741363 sending message 112 to peer 0x55d541e0bc60 (7 bytes)
1753644587.741368 sending message 112 to peer 0x55d541e0bc60 (7 bytes)
1753644587.741372 sending message 112 to peer 0x55d541e0bc60 (9 bytes)
1753644587.741376 sending message 112 to peer 0x55d541e0bc60 (9 bytes)
1753644587.741381 sending message 112 to peer 0x55d541e0bc60 (15 bytes)
1753644587.741385 sending message 112 to peer 0x55d541e0bc60 (13 bytes)
1753644587.741390 sending message 112 to peer 0x55d541e0bc60 (12 bytes)
1753644587.741394 sending message 112 to peer 0x55d541e0bc60 (8 bytes)
1753644587.741399 sending message 112 to peer 0x55d541e0bc60 (14 bytes)
1753644587.741403 sending message 112 to peer 0x55d541e0bc60 (11 bytes)
1753644587.741407 sending message 112 to peer 0x55d541e0bc60 (9 bytes)
1753644587.741412 sending message 112 to peer 0x55d541e0bc60 (10 bytes)
1753644587.741416 sending message 112 to peer 0x55d541e0bc60 (10 bytes)
1753644587.741421 sending message 112 to peer 0x55d541e0bc60 (10 bytes)
1753644587.741425 sending message 112 to peer 0x55d541e0bc60 (10 bytes)
1753644587.741437 sending message 112 to peer 0x55d541e0bc60 (11 bytes)
1753644587.741442 sending message 112 to peer 0x55d541e0bc60 (12 bytes)
1753644587.741446 sending message 112 to peer 0x55d541e0bc60 (12 bytes)
1753644587.741451 sending message 112 to peer 0x55d541e0bc60 (12 bytes)
1753644587.741455 sending message 112 to peer 0x55d541e0bc60 (12 bytes)
1753644587.741460 sending message 112 to peer 0x55d541e0bc60 (12 bytes)
1753644587.741464 sending message 112 to peer 0x55d541e0bc60 (11 bytes)
1753644587.741468 sending message 112 to peer 0x55d541e0bc60 (11 bytes)
1753644587.741473 sending message 112 to peer 0x55d541e0bc60 (12 bytes)
1753644587.741478 sending message 112 to peer 0x55d541e0bc60 (12 bytes)
1753644587.741482 sending message 112 to peer 0x55d541e0bc60 (12 bytes)
1753644587.741487 sending message 112 to peer 0x55d541e0bc60 (12 bytes)
1753644587.741491 sending message 112 to peer 0x55d541e0bc60 (12 bytes)
1753644587.741495 sending message 112 to peer 0x55d541e0bc60 (9 bytes)
1753644587.741499 sending message 112 to peer 0x55d541e0bc60 (12 bytes)
1753644587.741504 sending message 112 to peer 0x55d541e0bc60 (13 bytes)
1753644587.741508 sending message 112 to peer 0x55d541e0bc60 (13 bytes)
1753644587.741512 sending message 112 to peer 0x55d541e0bc60 (13 bytes)
1753644587.741517 sending message 112 to peer 0x55d541e0bc60 (13 bytes)
1753644587.741521 sending message 112 to peer 0x55d541e0bc60 (13 bytes)
1753644587.741525 sending message 112 to peer 0x55d541e0bc60 (8 bytes)
1753644587.741530 sending message 112 to peer 0x55d541e0bc60 (11 bytes)
1753644587.741534 sending message 112 to peer 0x55d541e0bc60 (11 bytes)
1753644587.741539 sending message 112 to peer 0x55d541e0bc60 (11 bytes)
1753644587.741543 sending message 112 to peer 0x55d541e0bc60 (12 bytes)
1753644587.741547 sending message 112 to peer 0x55d541e0bc60 (12 bytes)
1753644587.741552 sending message 112 to peer 0x55d541e0bc60 (12 bytes)
1753644587.741556 sending message 112 to peer 0x55d541e0bc60 (12 bytes)
1753644587.741560 sending message 112 to peer 0x55d541e0bc60 (13 bytes)
1753644587.741565 sending message 112 to peer 0x55d541e0bc60 (13 bytes)
1753644587.741569 sending message 112 to peer 0x55d541e0bc60 (13 bytes)
1753644587.741573 sending message 112 to peer 0x55d541e0bc60 (8 bytes)
1753644587.741578 sending message 112 to peer 0x55d541e0bc60 (13 bytes)
1753644587.741582 sending message 112 to peer 0x55d541e0bc60 (13 bytes)
1753644587.741587 sending message 112 to peer 0x55d541e0bc60 (13 bytes)
1753644587.741591 sending message 112 to peer 0x55d541e0bc60 (13 bytes)
1753644587.741595 sending message 112 to peer 0x55d541e0bc60 (13 bytes)
1753644587.741599 sending message 112 to peer 0x55d541e0bc60 (12 bytes)
1753644587.741604 sending message 112 to peer 0x55d541e0bc60 (12 bytes)
1753644587.741608 sending message 112 to peer 0x55d541e0bc60 (12 bytes)
1753644587.741612 sending message 112 to peer 0x55d541e0bc60 (12 bytes)
1753644587.741616 sending message 112 to peer 0x55d541e0bc60 (13 bytes)
1753644587.741621 sending message 112 to peer 0x55d541e0bc60 (8 bytes)
1753644587.741625 sending message 112 to peer 0x55d541e0bc60 (13 bytes)
1753644587.741630 sending message 112 to peer 0x55d541e0bc60 (13 bytes)
1753644587.741634 sending message 112 to peer 0x55d541e0bc60 (13 bytes)
1753644587.741638 sending message 112 to peer 0x55d541e0bc60 (13 bytes)
1753644587.741642 sending message 112 to peer 0x55d541e0bc60 (13 bytes)
1753644587.741647 sending message 112 to peer 0x55d541e0bc60 (13 bytes)
1753644587.741651 sending message 112 to peer 0x55d541e0bc60 (13 bytes)
1753644587.741655 sending message 112 to peer 0x55d541e0bc60 (12 bytes)
1753644587.741660 sending message 112 to peer 0x55d541e0bc60 (12 bytes)
1753644587.741664 sending message 112 to peer 0x55d541e0bc60 (12 bytes)
1753644587.741668 sending message 112 to peer 0x55d541e0bc60 (8 bytes)
1753644587.741673 sending message 112 to peer 0x55d541e0bc60 (12 bytes)
1753644587.741677 sending message 112 to peer 0x55d541e0bc60 (13 bytes)
1753644587.741682 sending message 112 to peer 0x55d541e0bc60 (13 bytes)
1753644587.741689 sending message 112 to peer 0x55d541e0bc60 (13 bytes)
1753644587.741694 sending message 112 to peer 0x55d541e0bc60 (13 bytes)
1753644587.741698 sending message 112 to peer 0x55d541e0bc60 (13 bytes)
1753644587.741702 sending message 112 to peer 0x55d541e0bc60 (13 bytes)
1753644587.741707 sending message 112 to peer 0x55d541e0bc60 (13 bytes)
1753644587.741711 sending message 112 to peer 0x55d541e0bc60 (13 bytes)
1753644587.741715 sending message 112 to peer 0x55d541e0bc60 (12 bytes)
1753644587.741720 sending message 112 to peer 0x55d541e0bc60 (10 bytes)
1753644587.741724 sending message 112 to peer 0x55d541e0bc60 (12 bytes)
1753644587.741729 sending message 112 to peer 0x55d541e0bc60 (12 bytes)
1753644587.741733 sending message 112 to peer 0x55d541e0bc60 (12 bytes)
1753644587.741738 sending message 112 to peer 0x55d541e0bc60 (13 bytes)
1753644587.741743 sending message 112 to peer 0x55d541e0bc60 (13 bytes)
1753644587.741747 sending message 112 to peer 0x55d541e0bc60 (13 bytes)
1753644587.741751 sending message 112 to peer 0x55d541e0bc60 (13 bytes)
1753644587.741755 sending message 112 to peer 0x55d541e0bc60 (13 bytes)
1753644587.741760 sending message 112 to peer 0x55d541e0bc60 (13 bytes)
1753644587.741764 sending message 112 to peer 0x55d541e0bc60 (13 bytes)
1753644587.741768 sending message 112 to peer 0x55d541e0bc60 (10 bytes)
1753644587.741772 sending message 112 to peer 0x55d541e0bc60 (13 bytes)
1753644587.741777 sending message 112 to peer 0x55d541e0bc60 (12 bytes)
1753644587.741781 sending message 112 to peer 0x55d541e0bc60 (12 bytes)
1753644587.741785 sending message 112 to peer 0x55d541e0bc60 (12 bytes)
1753644587.741789 sending message 112 to peer 0x55d541e0bc60 (10 bytes)
1753644587.741794 sending message 112 to peer 0x55d541e0bc60 (10 bytes)
1753644587.741798 sending message 112 to peer 0x55d541e0bc60 (10 bytes)
1753644587.741803 sending message 112 to peer 0x55d541e0bc60 (12 bytes)
1753644587.741807 sending message 112 to peer 0x55d541e0bc60 (13 bytes)
1753644587.741811 sending message 112 to peer 0x55d541e0bc60 (13 bytes)
1753644587.741816 sending message 112 to peer 0x55d541e0bc60 (13 bytes)
1753644587.741820 sending message 112 to peer 0x55d541e0bc60 (13 bytes)
1753644587.741824 sending message 112 to peer 0x55d541e0bc60 (13 bytes)
1753644587.741829 sending message 112 to peer 0x55d541e0bc60 (10 bytes)
1753644587.741833 sending message 112 to peer 0x55d541e0bc60 (11 bytes)
1753644587.741837 sending message 112 to peer 0x55d541e0bc60 (12 bytes)
1753644587.741841 sending message 112 to peer 0x55d541e0bc60 (12 bytes)
1753644587.741846 sending message 112 to peer 0x55d541e0bc60 (12 bytes)
1753644587.741850 sending message 112 to peer 0x55d541e0bc60 (12 bytes)
1753644587.741854 sending message 112 to peer 0x55d541e0bc60 (12 bytes)
1753644587.741858 sending message 112 to peer 0x55d541e0bc60 (11 bytes)
1753644587.741863 sending message 112 to peer 0x55d541e0bc60 (12 bytes)
1753644587.741867 sending message 112 to peer 0x55d541e0bc60 (12 bytes)
1753644587.741871 sending message 112 to peer 0x55d541e0bc60 (13 bytes)
1753644587.741875 sending message 112 to peer 0x55d541e0bc60 (13 bytes)
1753644587.741880 sending message 112 to peer 0x55d541e0bc60 (13 bytes)
1753644587.741884 sending message 112 to peer 0x55d541e0bc60 (13 bytes)
1753644587.741888 sending message 112 to peer 0x55d541e0bc60 (13 bytes)
1753644587.741892 sending message 112 to peer 0x55d541e0bc60 (10 bytes)
1753644587.741897 sending message 112 to peer 0x55d541e0bc60 (9 bytes)
1753644587.741901 sending message 112 to peer 0x55d541e0bc60 (12 bytes)
1753644587.741906 sending message 112 to peer 0x55d541e0bc60 (13 bytes)
1753644587.741910 sending message 112 to peer 0x55d541e0bc60 (13 bytes)
1753644587.741914 sending message 112 to peer 0x55d541e0bc60 (13 bytes)
1753644587.741918 sending message 112 to peer 0x55d541e0bc60 (13 bytes)
1753644587.741923 sending message 112 to peer 0x55d541e0bc60 (13 bytes)
1753644587.741927 sending message 112 to peer 0x55d541e0bc60 (9 bytes)
1753644587.741934 sending message 112 to peer 0x55d541e0bc60 (12 bytes)
1753644587.741939 sending message 112 to peer 0x55d541e0bc60 (13 bytes)
1753644587.741943 sending message 112 to peer 0x55d541e0bc60 (13 bytes)
1753644587.741947 sending message 112 to peer 0x55d541e0bc60 (13 bytes)
1753644587.741952 sending message 112 to peer 0x55d541e0bc60 (13 bytes)
1753644587.741956 sending message 112 to peer 0x55d541e0bc60 (13 bytes)
1753644587.741960 sending message 112 to peer 0x55d541e0bc60 (11 bytes)
1753644587.741965 sending message 112 to peer 0x55d541e0bc60 (12 bytes)
1753644587.741969 sending message 112 to peer 0x55d541e0bc60 (13 bytes)
1753644587.741974 sending message 112 to peer 0x55d541e0bc60 (13 bytes)
1753644587.741979 sending message 112 to peer 0x55d541e0bc60 (13 bytes)
1753644587.741983 sending message 112 to peer 0x55d541e0bc60 (13 bytes)
1753644587.741988 sending message 112 to peer 0x55d541e0bc60 (13 bytes)
1753644587.741992 sending message 112 to peer 0x55d541e0bc60 (11 bytes)
1753644587.741998 sending message 112 to peer 0x55d541e0bc60 (12 bytes)
1753644587.742002 sending message 112 to peer 0x55d541e0bc60 (12 bytes)
1753644587.742007 sending message 112 to peer 0x55d541e0bc60 (12 bytes)
1753644587.742012 sending message 112 to peer 0x55d541e0bc60 (12 bytes)
1753644587.742017 sending message 112 to peer 0x55d541e0bc60 (12 bytes)
1753644587.742021 sending message 112 to peer 0x55d541e0bc60 (21 bytes)
1753644587.742026 sending message 112 to peer 0x55d541e0bc60 (12 bytes)
1753644587.742030 sending message 112 to peer 0x55d541e0bc60 (9 bytes)
1753644587.742035 sending message 112 to peer 0x55d541e0bc60 (6 bytes)
1753644587.742042 sending message 112 to peer 0x55d541e0bc60 (13 bytes)
1753644587.742047 sending message 112 to peer 0x55d541e0bc60 (10 bytes)
1753644587.742051 sending message 112 to peer 0x55d541e0bc60 (24 bytes)
1753644587.742056 sending message 112 to peer 0x55d541e0bc60 (13 bytes)
1753644587.742060 sending message 112 to peer 0x55d541e0bc60 (9 bytes)
1753644587.742065 sending message 112 to peer 0x55d541e0bc60 (70 bytes)
1753644587.742069 sending message 112 to peer 0x55d541e0bc60 (69 bytes)
1753644587.742074 sending message 112 to peer 0x55d541e0bc60 (12 bytes)
1753644587.742078 sending message 112 to peer 0x55d541e0bc60 (10 bytes)
1753644587.742083 sending message 112 to peer 0x55d541e0bc60 (10 bytes)
1753644587.742087 sending message 112 to peer 0x55d541e0bc60 (24 bytes)
1753644587.742091 sending message 112 to peer 0x55d541e0bc60 (13 bytes)
1753644587.742096 sending message 112 to peer 0x55d541e0bc60 (10 bytes)
1753644587.742100 sending message 112 to peer 0x55d541e0bc60 (10 bytes)
1753644587.742105 sending message 112 to peer 0x55d541e0bc60 (10 bytes)
1753644587.742109 sending message 112 to peer 0x55d541e0bc60 (13 bytes)
1753644587.742116 sending message 112 to peer 0x55d541e0bc60 (15 bytes)
1753644587.742120 sending message 112 to peer 0x55d541e0bc60 (5 bytes)
1753644587.742126 sending message 104 to peer 0x55d541e0bc60 (0 bytes)
1753644587.742131 sending message 110 to peer 0x55d541e0bc60 (0 bytes)
1753644587.742136 sending message 107 to peer 0x55d541e0bc60 (4 bytes)
1753644587.742141 sending message 105 to peer 0x55d541e0bc60 (40 bytes)
1753644587.742146 sending message 105 to peer 0x55d541e0bc60 (57 bytes)
1753644587.742151 sending message 105 to peer 0x55d541e0bc60 (29 bytes)
1753644587.742155 sending message 105 to peer 0x55d541e0bc60 (23 bytes)
1753644587.742160 sending message 105 to peer 0x55d541e0bc60 (20 bytes)
1753644587.742164 sending message 105 to peer 0x55d541e0bc60 (54 bytes)
1753644587.742169 sending message 105 to peer 0x55d541e0bc60 (28 bytes)
1753644587.742173 sending message 105 to peer 0x55d541e0bc60 (11 bytes)
1753644587.742178 sending message 105 to peer 0x55d541e0bc60 (23 bytes)
1753644587.742182 sending message 105 to peer 0x55d541e0bc60 (21 bytes)
1753644587.742187 sending message 105 to peer 0x55d541e0bc60 (52 bytes)
1753644587.742193 sending message 105 to peer 0x55d541e0bc60 (19 bytes)
1753644587.742198 sending message 105 to peer 0x55d541e0bc60 (28 bytes)
1753644587.742206 sending message 105 to peer 0x55d541e0bc60 (17 bytes)
1753644587.742210 sending message 105 to peer 0x55d541e0bc60 (17 bytes)
1753644587.742215 sending message 105 to peer 0x55d541e0bc60 (14 bytes)
1753644587.742220 sending message 105 to peer 0x55d541e0bc60 (232 bytes)
1753644587.742224 sending message 105 to peer 0x55d541e0bc60 (29 bytes)
1753644587.742229 sending message 105 to peer 0x55d541e0bc60 (56 bytes)
1753644587.742234 sending message 105 to peer 0x55d541e0bc60 (19 bytes)
1753644587.742238 sending message 105 to peer 0x55d541e0bc60 (18 bytes)
1753644587.742243 sending message 105 to peer 0x55d541e0bc60 (16 bytes)
1753644587.742247 sending message 105 to peer 0x55d541e0bc60 (19 bytes)
1753644587.742252 sending message 105 to peer 0x55d541e0bc60 (47 bytes)
1753644587.742256 sending message 105 to peer 0x55d541e0bc60 (22 bytes)
1753644587.742261 sending message 105 to peer 0x55d541e0bc60 (20 bytes)
1753644587.742267 sending message 105 to peer 0x55d541e0bc60 (11 bytes)
1753644587.742272 sending message 105 to peer 0x55d541e0bc60 (15 bytes)
1753644587.742276 sending message 105 to peer 0x55d541e0bc60 (18 bytes)
1753644587.742281 sending message 105 to peer 0x55d541e0bc60 (13 bytes)
1753644587.742285 sending message 105 to peer 0x55d541e0bc60 (41 bytes)
1753644587.742290 sending message 105 to peer 0x55d541e0bc60 (61 bytes)
1753644587.742294 sending message 105 to peer 0x55d541e0bc60 (31 bytes)
1753644587.742299 sending message 105 to peer 0x55d541e0bc60 (15 bytes)
1753644587.742304 sending message 105 to peer 0x55d541e0bc60 (23 bytes)
1753644587.742308 sending message 105 to peer 0x55d541e0bc60 (32 bytes)
1753644587.742313 sending message 105 to peer 0x55d541e0bc60 (17 bytes)
1753644587.742317 sending message 105 to peer 0x55d541e0bc60 (21 bytes)
1753644587.742322 sending message 105 to peer 0x55d541e0bc60 (11 bytes)
1753644587.742326 sending message 105 to peer 0x55d541e0bc60 (20 bytes)
1753644587.742331 sending message 105 to peer 0x55d541e0bc60 (8 bytes)
1753644587.742336 sending message 105 to peer 0x55d541e0bc60 (19 bytes)
1753644587.742342 sending message 105 to peer 0x55d541e0bc60 (27 bytes)
1753644587.742347 sending message 105 to peer 0x55d541e0bc60 (41 bytes)
1753644587.742352 sending message 105 to peer 0x55d541e0bc60 (14 bytes)
1753644587.742356 sending message 105 to peer 0x55d541e0bc60 (12 bytes)
1753644587.742361 sending message 105 to peer 0x55d541e0bc60 (12 bytes)
1753644587.742366 sending message 105 to peer 0x55d541e0bc60 (29 bytes)
1753644587.742370 sending message 105 to peer 0x55d541e0bc60 (95 bytes)
1753644587.742375 sending message 105 to peer 0x55d541e0bc60 (161 bytes)
1753644587.742380 sending message 105 to peer 0x55d541e0bc60 (89 bytes)
1753644587.742385 sending message 105 to peer 0x55d541e0bc60 (29 bytes)
1753644587.742389 sending message 105 to peer 0x55d541e0bc60 (28 bytes)
1753644587.742394 sending message 105 to peer 0x55d541e0bc60 (59 bytes)
1753644587.742398 sending message 105 to peer 0x55d541e0bc60 (19 bytes)
1753644587.742403 sending message 105 to peer 0x55d541e0bc60 (38 bytes)
1753644587.742407 sending message 105 to peer 0x55d541e0bc60 (16 bytes)
1753644587.742414 sending message 106 to peer 0x55d541e0bc60 (0 bytes)
1753644587.742491 sending message 200 to peer 0x55d541e0bc60 (4 bytes)
1753644587.742496 client loop enter
1753644587.746970 peer 0x55d541e0bc60 message 207
1753644587.746992 sending message 208 to peer 0x55d541e0bc60 (0 bytes)
1753644598.667692 peer 0x55d541e0bc60 message 203
1753644598.667776 sending message 205 to peer 0x55d541e0bc60 (0 bytes)
1753644598.668857 peer 0x55d541e0bc60 message 204
1753644598.668914 client loop exit
